<?xml version="1.0" encoding="UTF-8"?>
<testng-results skipped="0" failed="1" ignored="0" total="2" passed="1">
  <reporter-output>
  </reporter-output>
  <suite name="Default suite" duration-ms="29836" started-at="2019-11-16T09:34:23Z" finished-at="2019-11-16T09:34:53Z">
    <groups>
    </groups>
    <test name="Default test" duration-ms="29836" started-at="2019-11-16T09:34:23Z" finished-at="2019-11-16T09:34:53Z">
      <class name="Ecommerce.Ecommerce_2">
        <test-method status="PASS" signature="beforeTest1()[pri:0, instance:Ecommerce.Ecommerce_2@3a82f6ef]" name="beforeTest1" is-config="true" duration-ms="12858" started-at="2019-11-16T15:04:23Z" finished-at="2019-11-16T15:04:36Z">
          <reporter-output>
          </reporter-output>
        </test-method> <!-- beforeTest1 -->
        <test-method status="PASS" signature="login()[pri:1, instance:Ecommerce.Ecommerce_2@3a82f6ef]" name="login" duration-ms="16767" started-at="2019-11-16T15:04:36Z" finished-at="2019-11-16T15:04:53Z">
          <reporter-output>
          </reporter-output>
        </test-method> <!-- login -->
        <test-method status="FAIL" signature="Assert1()[pri:2, instance:Ecommerce.Ecommerce_2@3a82f6ef]" name="Assert1" duration-ms="33" started-at="2019-11-16T15:04:53Z" finished-at="2019-11-16T15:04:53Z">
          <exception class="java.lang.AssertionError">
            <message>
              <![CDATA[expected [Login] but found [Lumia - Multipurpose responsive bootstrap website template]]]>
            </message>
            <full-stacktrace>
              <![CDATA[java.lang.AssertionError: expected [Login] but found [Lumia - Multipurpose responsive bootstrap website template]
	at org.testng.Assert.fail(Assert.java:94)
	at org.testng.Assert.failNotEquals(Assert.java:513)
	at org.testng.Assert.assertEqualsImpl(Assert.java:135)
	at org.testng.Assert.assertEquals(Assert.java:116)
	at org.testng.Assert.assertEquals(Assert.java:190)
	at org.testng.Assert.assertEquals(Assert.java:200)
	at Ecommerce.Ecommerce_2.Assert1(Ecommerce_2.java:33)
	at sun.reflect.NativeMethodAccessorImpl.invoke0(Native Method)
	at sun.reflect.NativeMethodAccessorImpl.invoke(Unknown Source)
	at sun.reflect.DelegatingMethodAccessorImpl.invoke(Unknown Source)
	at java.lang.reflect.Method.invoke(Unknown Source)
	at org.testng.internal.MethodInvocationHelper.invokeMethod(MethodInvocationHelper.java:104)
	at org.testng.internal.Invoker.invokeMethod(Invoker.java:645)
	at org.testng.internal.Invoker.invokeTestMethod(Invoker.java:851)
	at org.testng.internal.Invoker.invokeTestMethods(Invoker.java:1177)
	at org.testng.internal.TestMethodWorker.invokeTestMethods(TestMethodWorker.java:129)
	at org.testng.internal.TestMethodWorker.run(TestMethodWorker.java:112)
	at org.testng.TestRunner.privateRun(TestRunner.java:756)
	at org.testng.TestRunner.run(TestRunner.java:610)
	at org.testng.SuiteRunner.runTest(SuiteRunner.java:387)
	at org.testng.SuiteRunner.runSequentially(SuiteRunner.java:382)
	at org.testng.SuiteRunner.privateRun(SuiteRunner.java:340)
	at org.testng.SuiteRunner.run(SuiteRunner.java:289)
	at org.testng.SuiteRunnerWorker.runSuite(SuiteRunnerWorker.java:52)
	at org.testng.SuiteRunnerWorker.run(SuiteRunnerWorker.java:86)
	at org.testng.TestNG.runSuitesSequentially(TestNG.java:1293)
	at org.testng.TestNG.runSuitesLocally(TestNG.java:1218)
	at org.testng.TestNG.runSuites(TestNG.java:1133)
	at org.testng.TestNG.run(TestNG.java:1104)
	at org.testng.remote.AbstractRemoteTestNG.run(AbstractRemoteTestNG.java:132)
	at org.testng.remote.RemoteTestNG.initAndRun(RemoteTestNG.java:236)
	at org.testng.remote.RemoteTestNG.main(RemoteTestNG.java:81)
]]>
            </full-stacktrace>
          </exception> <!-- java.lang.AssertionError -->
          <reporter-output>
          </reporter-output>
        </test-method> <!-- Assert1 -->
        <test-method status="PASS" signature="afterTest1()[pri:0, instance:Ecommerce.Ecommerce_2@3a82f6ef]" name="afterTest1" is-config="true" duration-ms="0" started-at="2019-11-16T15:04:53Z" finished-at="2019-11-16T15:04:53Z">
          <reporter-output>
          </reporter-output>
        </test-method> <!-- afterTest1 -->
      </class> <!-- Ecommerce.Ecommerce_2 -->
    </test> <!-- Default test -->
  </suite> <!-- Default suite -->
</testng-results>
